19:43:38 [main] INFO  testCases.PIMPageTest - ******* Starting Edit Emergency Contacts for Employee *******
19:45:51 [main] INFO  testCases.LoginTest - ******* Starting LoginTest *******
19:45:53 [main] INFO  testCases.LoginTest - ***** Finished LoginTest *****
19:45:56 [main] INFO  testCases.PIMPageTest - ******* Starting Edit Emergency Contacts for Employee *******
19:46:09 [main] INFO  testCases.PIMPageTest - ***** Finished Emergency Contacts Details for Employee *****
19:48:16 [main] INFO  testCases.LoginTest - ******* Starting LoginTest *******
19:48:18 [main] INFO  testCases.LoginTest - ***** Finished LoginTest *****
19:48:21 [main] INFO  testCases.PIMPageTest - ******* Starting Edit Emergency Contacts for Employee *******
19:50:14 [main] INFO  testCases.LoginTest - ******* Starting LoginTest *******
19:50:16 [main] INFO  testCases.LoginTest - ***** Finished LoginTest *****
19:50:19 [main] INFO  testCases.PIMPageTest - ******* Starting Edit Emergency Contacts for Employee *******
19:50:37 [main] INFO  testCases.PIMPageTest - ***** Finished Emergency Contacts Details for Employee *****
20:28:21 [main] INFO  testCases.LoginTest - ******* Starting LoginTest *******
20:28:23 [main] INFO  testCases.LoginTest - ***** Finished LoginTest *****
20:29:09 [main] INFO  testCases.LoginTest - ******* Starting LoginTest *******
20:29:11 [main] INFO  testCases.LoginTest - ***** Finished LoginTest *****
20:29:14 [main] INFO  testCases.PIMPageTest - ******* Starting Edit Dependents for Employee *******
20:31:47 [main] INFO  testCases.LoginTest - ******* Starting LoginTest *******
20:31:48 [main] INFO  testCases.LoginTest - ***** Finished LoginTest *****
20:31:51 [main] INFO  testCases.PIMPageTest - ******* Starting Edit Dependents for Employee *******
20:33:01 [main] INFO  testCases.LoginTest - ******* Starting LoginTest *******
20:33:03 [main] INFO  testCases.LoginTest - ***** Finished LoginTest *****
20:33:06 [main] INFO  testCases.PIMPageTest - ******* Starting Edit Dependents for Employee *******
20:33:25 [main] INFO  testCases.PIMPageTest - ***** Finished Dependents for Employee *****
20:36:16 [main] INFO  testCases.LoginTest - ******* Starting LoginTest *******
20:36:18 [main] INFO  testCases.LoginTest - ***** Finished LoginTest *****
20:36:21 [main] INFO  testCases.PIMPageTest - ******* Starting Edit Dependents for Employee *******
20:36:34 [main] INFO  testCases.PIMPageTest - ***** Finished Dependents for Employee *****
20:44:13 [main] INFO  testCases.LoginTest - ******* Starting LoginTest *******
20:44:15 [main] INFO  testCases.LoginTest - ***** Finished LoginTest *****
20:44:19 [main] INFO  testCases.PIMPageTest - ******* Starting Edit Dependents for Employee *******
20:44:35 [main] INFO  testCases.PIMPageTest - ***** Finished Dependents for Employee *****
20:45:10 [main] INFO  testCases.LoginTest - ******* Starting LoginTest *******
20:45:12 [main] INFO  testCases.LoginTest - ***** Finished LoginTest *****
20:45:15 [main] INFO  testCases.PIMPageTest - ******* Starting Edit Dependents for Employee *******
20:45:28 [main] INFO  testCases.PIMPageTest - ***** Finished Dependents for Employee *****
20:48:07 [main] INFO  testCases.LoginTest - ******* Starting LoginTest *******
20:48:08 [main] INFO  testCases.LoginTest - ***** Finished LoginTest *****
20:48:12 [main] INFO  testCases.PIMPageTest - ******* Starting Edit Dependents for Employee *******
20:48:28 [main] INFO  testCases.PIMPageTest - ***** Finished Dependents for Employee *****
16:04:05 [main] INFO  testCases.AdminTest - ******* Starting Add User Test *******
16:10:12 [main] INFO  testCases.AdminTest - ******* Starting Add User Test *******
16:14:57 [main] INFO  testCases.AdminTest - ******* Starting Add User Test *******
16:17:38 [main] INFO  testCases.AdminTest - ******* Starting Add User Test *******
16:17:49 [main] INFO  testCases.AdminTest - ***** Finished Add User Test *****
23:42:25 [main] INFO  testCases.AdminTest - ******* Starting Add Job Title Test *******
23:44:52 [main] INFO  testCases.AdminTest - ******* Starting Add Job Title Test *******
23:45:03 [main] INFO  testCases.AdminTest - ***** Finished Add Job Title Test *****
23:49:00 [main] INFO  testCases.AdminTest - ******* Starting Add Job Title Test *******
23:49:17 [main] INFO  testCases.AdminTest - ***** Finished Add Job Title Test *****
